<?xml version="1.0" encoding="UTF-8"?>
<!-- Generated by org.testng.reporters.JUnitReportReporter -->
<testsuite hostname="MR-CHAPAI" failures="0" tests="1" name="testPage.LoginTest" time="11.408" errors="0" timestamp="12 Dec 2023 23:49:12 GMT" skipped="0">
  <testcase classname="testPage.LoginTest" name="validUserShouldLogin" time="11.408"/>
</testsuite> <!-- testPage.LoginTest -->
