<?xml version="1.0" encoding="UTF-8"?>
<!-- Generated by org.testng.reporters.JUnitReportReporter -->
<testsuite hostname="MR-CHAPAI" failures="0" tests="1" name="testPage.CostumerListTest" time="56.698" errors="0" timestamp="29 Jan 2024 20:37:32 GMT" skipped="0">
  <testcase classname="testPage.CostumerListTest" name="costumerListTest" time="56.698"/>
</testsuite> <!-- testPage.CostumerListTest -->
