<?xml version="1.0" encoding="UTF-8"?>
<!-- Generated by org.testng.reporters.JUnitReportReporter -->
<testsuite hostname="MR-CHAPAI" failures="0" tests="1" name="testPage.AddCustomerTest" time="83.175" errors="0" timestamp="14 Dec 2023 19:07:51 GMT" skipped="0">
  <testcase classname="testPage.AddCustomerTest" name="addCustomerTest" time="83.175"/>
</testsuite> <!-- testPage.AddCustomerTest -->
