<?xml version="1.0" encoding="UTF-8"?>
<!-- Generated by org.testng.reporters.JUnitReportReporter -->
<testsuite hostname="MR-CHAPAI" failures="0" tests="1" name="util.BrowserFactory" time="3.789" errors="0" timestamp="9 Dec 2023 17:42:14 GMT" skipped="0">
  <testcase classname="util.BrowserFactory" name="init" time="3.789"/>
</testsuite> <!-- util.BrowserFactory -->
