<?xml version="1.0" encoding="UTF-8"?>
<!-- Generated by org.testng.reporters.JUnitReportReporter -->
<testsuite hostname="MR-CHAPAI" failures="0" tests="1" name="testPage.LoginTest" time="10.795" errors="0" timestamp="29 Jan 2024 20:37:32 GMT" skipped="0">
  <testcase classname="testPage.LoginTest" name="validUserShouldLogin" time="10.795"/>
</testsuite> <!-- testPage.LoginTest -->
