<?xml version="1.0" encoding="UTF-8"?>
<!-- Generated by org.testng.reporters.JUnitReportReporter -->
<testsuite hostname="MR-CHAPAI" failures="0" tests="1" name="testPage.AddCustomerTest" time="41.673" errors="0" timestamp="10 Dec 2023 00:53:03 GMT" skipped="0">
  <testcase classname="testPage.AddCustomerTest" name="addCustomerTest" time="41.673"/>
</testsuite> <!-- testPage.AddCustomerTest -->
