<?xml version="1.0" encoding="UTF-8"?>
<!-- Generated by org.testng.reporters.JUnitReportReporter -->
<testsuite hostname="MR-CHAPAI" failures="0" tests="1" name="testPage.CostumerListTest" time="46.011" errors="0" timestamp="16 Dec 2023 02:02:14 GMT" skipped="0">
  <testcase classname="testPage.CostumerListTest" name="costumerListTest" time="46.011"/>
</testsuite> <!-- testPage.CostumerListTest -->
